-------------------------------------------------------------------------------
Test set: ColoniaParamTest
-------------------------------------------------------------------------------
Tests run: 3, Failures: 1, Errors: 0, Skipped: 0, Time elapsed: 0.025 s <<< FAILURE! - in ColoniaParamTest
ColoniaParamTest.testIncreaseHoney[2]  Time elapsed: 0.005 s  <<< FAILURE!
java.lang.AssertionError:  Valore negativo
	at ColoniaParamTest.testIncreaseHoney(ColoniaParamTest.java:36)

