<?xml version="1.0" encoding="UTF-8"?>
<testsuite xmlns:xsi="http://www.w3.org/2001/XMLSchema-instance" xsi:noNamespaceSchemaLocation="https://maven.apache.org/surefire/maven-surefire-plugin/xsd/surefire-test-report-3.0.xsd" version="3.0" name="ReportTest" time="0.007" tests="10" errors="0" skipped="0" failures="5">
  <properties>
[...]
</properties>
  <testcase name="testSuper" classname="ReportTest" time="0"/>
  <testcase name="testSwarm" classname="ReportTest" time="0">
    <failure type="java.lang.AssertionError"><![CDATA[java.lang.AssertionError
	at ReportTest.testSwarm(ReportTest.java:60)
]]></failure>
  </testcase>
  <testcase name="testConstruction" classname="ReportTest" time="0">
    <failure type="java.lang.AssertionError"><![CDATA[java.lang.AssertionError
	at ReportTest.testConstruction(ReportTest.java:51)
]]></failure>
  </testcase>
  <testcase name="testSwarmMCDC" classname="ReportTest" time="0"/>
  <testcase name="testSuperNeedCtWedge" classname="ReportTest" time="0">
    <failure message=" Errore if" type="java.lang.AssertionError"><![CDATA[java.lang.AssertionError:  Errore if
	at ReportTest.testSuperNeedCtWedge(ReportTest.java:170)
]]></failure>
  </testcase>
  <testcase name="testStarveCtWedge" classname="ReportTest" time="0"/>
  <testcase name="testStarve" classname="ReportTest" time="0">
    <failure message="expected:&lt;5&gt; but was:&lt;0&gt;" type="java.lang.AssertionError"><![CDATA[java.lang.AssertionError: expected:<5> but was:<0>
	at ReportTest.testStarve(ReportTest.java:65)
]]></failure>
  </testcase>
  <testcase name="testConstructor" classname="ReportTest" time="0"/>
  <testcase name="testStarveMcdc" classname="ReportTest" time="0">
    <failure message="expected:&lt;4&gt; but was:&lt;2&gt;" type="java.lang.AssertionError"><![CDATA[java.lang.AssertionError: expected:<4> but was:<2>
	at ReportTest.testStarveMcdc(ReportTest.java:131)
]]></failure>
  </testcase>
  <testcase name="testSuperPercentage" classname="ReportTest" time="0"/>
</testsuite>