<?xml version="1.0" encoding="UTF-8"?>
<testsuite xmlns:xsi="http://www.w3.org/2001/XMLSchema-instance" xsi:noNamespaceSchemaLocation="https://maven.apache.org/surefire/maven-surefire-plugin/xsd/surefire-test-report-3.0.xsd" version="3.0" name="ColoniaParamTest" time="0.025" tests="3" errors="0" skipped="0" failures="1">
  <properties>
[...]
</properties>
  <testcase name="testIncreaseHoney[0]" classname="ColoniaParamTest" time="0"/>
  <testcase name="testIncreaseHoney[1]" classname="ColoniaParamTest" time="0"/>
  <testcase name="testIncreaseHoney[2]" classname="ColoniaParamTest" time="0.005">
    <failure message=" Valore negativo" type="java.lang.AssertionError"><![CDATA[java.lang.AssertionError:  Valore negativo
	at ColoniaParamTest.testIncreaseHoney(ColoniaParamTest.java:36)
]]></failure>
  </testcase>
</testsuite>